<?xml version="1.0" encoding="utf-8"?><testsuites name="pytest tests"><testsuite name="pytest" errors="0" failures="0" skipped="0" tests="15" time="18.873" timestamp="2026-09-10T22:06:57.990588+00:00" hostname="agent-env-f199a73a-6e68-414e-a5b0-592973a3d9a0"><testcase classname="tests.test_iteration6_assistant_media" name="test_create_session" time="0.312" /><testcase classname="tests.test_iteration6_assistant_media" name="test_chat_streams_and_returns_product_ids_and_links" time="5.701" /><testcase classname="tests.test_iteration6_assistant_media" name="test_second_turn_and_get_session_without_mongo_id" time="9.790" /><testcase classname="tests.test_iteration6_assistant_media" name="test_chat_blank_message_validation" time="0.151" /><testcase classname="tests.test_iteration6_assistant_media" name="test_chat_unknown_session_returns_404" time="0.083" /><testcase classname="tests.test_iteration6_assistant_media" name="test_motion_media_v2_keys_resolve[icon-food-v2]" time="0.325" /><testcase classname="tests.test_iteration6_assistant_media" name="test_motion_media_v2_keys_resolve[icon-grocery-v2]" time="0.275" /><testcase classname="tests.test_iteration6_assistant_media" name="test_motion_media_v2_keys_resolve[icon-shops-v2]" time="0.223" /><testcase classname="tests.test_iteration6_assistant_media" name="test_motion_media_v2_keys_resolve[icon-care-v2]" time="0.188" /><testcase classname="tests.test_iteration6_assistant_media" name="test_motion_media_v2_keys_resolve[icon-book-it-v2]" time="0.253" /><testcase classname="tests.test_iteration6_assistant_media" name="test_motion_media_v2_keys_resolve[vendor-veggies-v2]" time="0.261" /><testcase classname="tests.test_iteration6_assistant_media" name="test_motion_media_v2_keys_resolve[vendor-dairy-v2]" time="0.244" /><testcase classname="tests.test_iteration6_assistant_media" name="test_motion_media_v2_keys_resolve[vendor-food-v2]" time="0.265" /><testcase classname="tests.test_iteration6_assistant_media" name="test_motion_media_v2_keys_resolve[vendor-care-v2]" time="0.223" /><testcase classname="tests.test_iteration6_assistant_media" name="test_motion_media_v2_keys_resolve[vendor-shops-v2]" time="0.241" /></testsuite></testsuites>