<?xml version="1.0" encoding="utf-8"?><testsuites name="pytest tests"><testsuite name="pytest" errors="0" failures="0" skipped="0" tests="3" time="0.827" timestamp="2026-09-12T09:32:52.311104+00:00" hostname="agent-env-e89a2451-179f-4146-9cd4-d5abba39820c"><testcase classname="tests.test_iteration8_media_cart_orders" name="test_store_s3_second_thumbnail_is_managed_media" time="0.185" /><testcase classname="tests.test_iteration8_media_cart_orders" name="test_target_products_use_managed_media" time="0.064" /><testcase classname="tests.test_iteration8_media_cart_orders" name="test_order_get_endpoints_canonicalize_images_without_qty_price_mutation" time="0.273" /></testsuite></testsuites>