<?xml version="1.0" encoding="utf-8"?><testsuites name="pytest tests"><testsuite name="pytest" errors="0" failures="0" skipped="0" tests="15" time="1.143" timestamp="2026-09-09T21:46:11.379027+00:00" hostname="agent-env-6629abe8-454d-49da-8076-2da6a90cd3d2"><testcase classname="tests.backend_test.TestCatalog" name="test_categories" time="0.152" /><testcase classname="tests.backend_test.TestCoupons" name="test_list_coupons_returns_three" time="0.155" /><testcase classname="tests.backend_test.TestCatalog" name="test_stores" time="0.072" /><testcase classname="tests.backend_test.TestCoupons" name="test_apply_latur10_success" time="0.114" /><testcase classname="tests.backend_test.TestCatalog" name="test_store_s1_media" time="0.112" /><testcase classname="tests.backend_test.TestCoupons" name="test_apply_latur10_below_min" time="0.071" /><testcase classname="tests.backend_test.TestCatalog" name="test_products" time="0.062" /><testcase classname="tests.backend_test.TestCoupons" name="test_apply_bad_code" time="0.115" /><testcase classname="tests.backend_test.TestCatalog" name="test_buy_again" time="0.109" /><testcase classname="tests.backend_test.TestCoupons" name="test_apply_fresh50" time="0.114" /><testcase classname="tests.backend_test.TestOrders" name="test_create_order" time="0.114" /><testcase classname="tests.backend_test.TestCoupons" name="test_apply_welcome" time="0.125" /><testcase classname="tests.backend_test.TestOrders" name="test_get_order_by_id" time="0.070" /><testcase classname="tests.backend_test.TestOrders" name="test_list_orders_contains_created" time="0.068" /><testcase classname="tests.backend_test.TestOrders" name="test_get_order_404" time="0.069" /></testsuite></testsuites>