<?xml version="1.0" encoding="utf-8"?><testsuites name="pytest tests"><testsuite name="pytest" errors="0" failures="0" skipped="0" tests="4" time="53.735" timestamp="2026-09-12T09:30:10.856482+00:00" hostname="agent-env-e89a2451-179f-4146-9cd4-d5abba39820c"><testcase classname="tests.test_iteration7_p0_regression" name="test_catalog_shape_and_counts" time="0.151" /><testcase classname="tests.test_iteration7_p0_regression" name="test_media_urls_decode_or_play_and_report_failures" time="49.285" /><testcase classname="tests.test_iteration7_p0_regression" name="test_assistant_budget_vegetarian_and_cart_subtotal_298" time="3.910" /><testcase classname="tests.test_iteration7_p0_regression" name="test_five_store_collections_present" time="0.060" /></testsuite></testsuites>