<?xml version="1.0" encoding="utf-8"?><testsuites name="pytest tests"><testsuite name="pytest" errors="0" failures="0" skipped="0" tests="15" time="1.403" timestamp="2026-09-08T18:14:13.436119+00:00" hostname="agent-env-6629abe8-454d-49da-8076-2da6a90cd3d2"><testcase classname="tests.backend_test.TestCatalog" name="test_categories" time="0.369" /><testcase classname="tests.backend_test.TestCoupons" name="test_list_coupons_returns_three" time="0.325" /><testcase classname="tests.backend_test.TestCoupons" name="test_apply_latur10_success" time="0.112" /><testcase classname="tests.backend_test.TestCatalog" name="test_stores" time="0.083" /><testcase classname="tests.backend_test.TestCoupons" name="test_apply_latur10_below_min" time="0.073" /><testcase classname="tests.backend_test.TestCatalog" name="test_store_s1_media" time="0.103" /><testcase classname="tests.backend_test.TestCoupons" name="test_apply_bad_code" time="0.114" /><testcase classname="tests.backend_test.TestCatalog" name="test_products" time="0.084" /><testcase classname="tests.backend_test.TestCoupons" name="test_apply_fresh50" time="0.076" /><testcase classname="tests.backend_test.TestCatalog" name="test_buy_again" time="0.085" /><testcase classname="tests.backend_test.TestCoupons" name="test_apply_welcome" time="0.085" /><testcase classname="tests.backend_test.TestOrders" name="test_create_order" time="0.101" /><testcase classname="tests.backend_test.TestOrders" name="test_get_order_by_id" time="0.083" /><testcase classname="tests.backend_test.TestOrders" name="test_list_orders_contains_created" time="0.081" /><testcase classname="tests.backend_test.TestOrders" name="test_get_order_404" time="0.080" /></testsuite></testsuites>