<?xml version="1.0" encoding="utf-8"?><testsuites name="pytest tests"><testsuite name="pytest" errors="0" failures="0" skipped="0" tests="11" time="1.641" timestamp="2026-09-09T21:46:51.067916+00:00" hostname="agent-env-6629abe8-454d-49da-8076-2da6a90cd3d2"><testcase classname="tests.test_iteration5_search_regression" name="test_q_care_returns_pharmacy_and_beauty_departments" time="0.217" /><testcase classname="tests.test_iteration5_search_regression" name="test_q_uppercase_care_behaves_same" time="0.078" /><testcase classname="tests.test_iteration5_search_regression" name="test_q_shopping_returns_expected_shops_products" time="0.077" /><testcase classname="tests.test_iteration5_search_regression" name="test_q_amul_cheese_matches_non_contiguous_terms" time="0.084" /><testcase classname="tests.test_iteration5_search_regression" name="test_q_dairy_matches_category_name" time="0.092" /><testcase classname="tests.test_iteration5_search_regression" name="test_q_nike_matches_brand_name" time="0.089" /><testcase classname="tests.test_iteration5_search_regression" name="test_q_nonsense_returns_no_results" time="0.087" /><testcase classname="tests.test_iteration5_search_regression" name="test_q_milk_and_pizza_still_work" time="0.175" /><testcase classname="tests.test_iteration5_search_regression" name="test_department_care_unions_pharmacy_and_beauty" time="0.083" /><testcase classname="tests.test_iteration5_search_regression" name="test_department_and_query_intersect_not_ignored" time="0.160" /><testcase classname="tests.test_iteration5_search_regression" name="test_brand_and_q_combined" time="0.180" /></testsuite></testsuites>