<?xml version="1.0" encoding="utf-8"?><testsuites name="pytest tests"><testsuite name="pytest" errors="0" failures="2" skipped="1" tests="63" time="9.099" timestamp="2026-09-10T22:06:08.804205+00:00" hostname="agent-env-f199a73a-6e68-414e-a5b0-592973a3d9a0"><testcase classname="tests.test_iteration3_regression" name="test_catalog_contains_expected_departments_and_dominos_logo" time="0.381" /><testcase classname="tests.test_iteration5_search_regression" name="test_q_care_returns_pharmacy_and_beauty_departments" time="0.359" /><testcase classname="tests.test_iteration5_search_regression" name="test_q_uppercase_care_behaves_same" time="0.070" /><testcase classname="tests.test_iteration3_regression" name="test_products_filter_department_brand_q" time="0.118" /><testcase classname="tests.test_iteration5_search_regression" name="test_q_shopping_returns_expected_shops_products" time="0.115" /><testcase classname="tests.test_iteration3_regression" name="test_events_filter_kind" time="0.074" /><testcase classname="tests.test_iteration5_search_regression" name="test_q_amul_cheese_matches_non_contiguous_terms" time="0.163" /><testcase classname="tests.test_iteration3_regression" name="test_media_get_and_byte_range_for_webm" time="0.078"><failure message="assert 404 == 200&#10; +  where 404 = &lt;Response [404]&gt;.status_code">backend/tests/test_iteration3_regression.py:76: in test_media_get_and_byte_range_for_webm
    assert full.status_code == 200
E   assert 404 == 200
E    +  where 404 = &lt;Response [404]&gt;.status_code</failure></testcase><testcase classname="tests.test_iteration3_regression" name="test_media_invalid_range_returns_416" time="0.072"><failure message="assert 404 == 416&#10; +  where 404 = &lt;Response [404]&gt;.status_code">backend/tests/test_iteration3_regression.py:94: in test_media_invalid_range_returns_416
    assert response.status_code == 416
E   assert 404 == 416
E    +  where 404 = &lt;Response [404]&gt;.status_code</failure></testcase><testcase classname="tests.test_iteration5_search_regression" name="test_q_dairy_matches_category_name" time="0.081" /><testcase classname="tests.test_iteration3_regression" name="test_reels_include_webm_and_product_shape" time="0.072" /><testcase classname="tests.test_iteration5_search_regression" name="test_q_nike_matches_brand_name" time="0.073" /><testcase classname="tests.test_iteration3_regression" name="test_booking_enquiry_success_persists_to_mongo" time="0.092" /><testcase classname="tests.test_iteration5_search_regression" name="test_q_nonsense_returns_no_results" time="0.071" /><testcase classname="tests.test_iteration3_regression" name="test_booking_enquiry_unknown_event_returns_400" time="0.072" /><testcase classname="tests.test_iteration5_search_regression" name="test_q_milk_and_pizza_still_work" time="0.215" /><testcase classname="tests.test_iteration3_regression" name="test_booking_enquiry_invalid_slot_returns_400" time="0.117" /><testcase classname="tests.test_iteration3_regression" name="test_booking_enquiry_past_date_returns_400" time="0.075" /><testcase classname="tests.test_iteration5_search_regression" name="test_department_care_unions_pharmacy_and_beauty" time="0.077" /><testcase classname="tests.test_iteration3_regression" name="test_booking_enquiry_invalid_phone_returns_422" time="0.113" /><testcase classname="tests.test_iteration5_search_regression" name="test_department_and_query_intersect_not_ignored" time="0.202" /><testcase classname="tests.test_iteration3_regression" name="test_booking_enquiry_guest_limits" time="0.187" /><testcase classname="tests.test_iteration3_regression" name="test_coupon_threshold_response_for_fresh50" time="0.188" /><testcase classname="tests.test_iteration5_search_regression" name="test_brand_and_q_combined" time="0.154" /><testcase classname="tests.test_iteration3_regression" name="test_create_order_and_verify_with_get" time="0.162" /><testcase classname="tests.backend_test.TestCoupons" name="test_list_coupons_returns_three" time="0.151" /><testcase classname="tests.backend_test.TestCoupons" name="test_apply_latur10_success" time="0.073" /><testcase classname="tests.test_iteration4_ai_search" name="test_image_search_real_photo_returns_matches" time="4.536" /><testcase classname="tests.backend_test.TestCoupons" name="test_apply_latur10_below_min" time="0.074" /><testcase classname="tests.backend_test.TestCoupons" name="test_apply_bad_code" time="0.080" /><testcase classname="tests.backend_test.TestCoupons" name="test_apply_fresh50" time="0.078" /><testcase classname="tests.backend_test.TestCoupons" name="test_apply_welcome" time="0.076" /><testcase classname="tests.backend_test.TestCatalog" name="test_categories" time="0.221" /><testcase classname="tests.backend_test.TestCatalog" name="test_stores" time="0.075" /><testcase classname="tests.backend_test.TestCatalog" name="test_store_s1_media" time="0.082" /><testcase classname="tests.backend_test.TestCatalog" name="test_products" time="0.069" /><testcase classname="tests.backend_test.TestCatalog" name="test_buy_again" time="0.084" /><testcase classname="tests.test_onelatur_api.TestProducts" name="test_all_products" time="0.214" /><testcase classname="tests.test_onelatur_api.TestProducts" name="test_products_filter_by_category" time="0.110" /><testcase classname="tests.test_onelatur_api.TestProducts" name="test_buy_again" time="0.105" /><testcase classname="tests.test_onelatur_api.TestProducts" name="test_get_product_p1" time="0.097" /><testcase classname="tests.test_onelatur_api.TestProducts" name="test_get_product_404" time="0.088" /><testcase classname="tests.backend_test.TestOrders" name="test_create_order" time="0.180" /><testcase classname="tests.backend_test.TestOrders" name="test_get_order_by_id" time="0.125" /><testcase classname="tests.backend_test.TestOrders" name="test_list_orders_contains_created" time="0.107" /><testcase classname="tests.backend_test.TestOrders" name="test_get_order_404" time="0.094" /><testcase classname="tests.test_onelatur_api.TestStores" name="test_list_stores" time="0.176" /><testcase classname="tests.test_onelatur_api.TestStores" name="test_get_store_s1" time="0.084" /><testcase classname="tests.test_onelatur_api.TestStores" name="test_get_store_404" time="0.079" /><testcase classname="tests.test_onelatur_api.TestStores" name="test_store_products" time="0.073" /><testcase classname="tests.test_onelatur_api.TestHealth" name="test_root" time="0.067" /><testcase classname="tests.test_onelatur_api.TestCategories" name="test_categories_ok" time="0.076" /><testcase classname="tests.test_onelatur_api.TestDiscover" name="test_discover_ok" time="0.072" /><testcase classname="tests.test_onelatur_api.TestBanners" name="test_banners_ok" time="0.074" /><testcase classname="tests.test_iteration4_ai_search" name="test_image_search_empty_file_returns_400" time="0.078" /><testcase classname="tests.test_iteration4_ai_search" name="test_image_search_invalid_file_returns_415" time="0.076" /><testcase classname="tests.test_iteration4_ai_search" name="test_image_search_oversized_returns_413" time="0.545" /><testcase classname="tests.test_iteration4_ai_search" name="test_image_search_valid_no_match_photo_returns_empty_or_low_confidence" time="1.322" /><testcase classname="tests.test_iteration4_ai_search" name="test_voice_search_real_spoken_audio_returns_transcript_and_matches" time="0.003"><skipped type="pytest.skip" message="espeak/espeak-ng not available to generate spoken audio fixture">/app/backend/tests/test_iteration4_ai_search.py:72: espeak/espeak-ng not available to generate spoken audio fixture</skipped></testcase><testcase classname="tests.test_iteration4_ai_search" name="test_voice_search_empty_file_returns_400" time="0.078" /><testcase classname="tests.test_iteration4_ai_search" name="test_voice_search_unsupported_extension_returns_415" time="0.062" /><testcase classname="tests.test_iteration4_ai_search" name="test_voice_search_corrupt_audio_returns_415" time="0.147" /><testcase classname="tests.test_iteration4_ai_search" name="test_voice_search_long_audio_returns_422" time="0.170" /></testsuite></testsuites>