<?xml version="1.0" encoding="utf-8"?><testsuites name="pytest tests"><testsuite name="pytest" errors="0" failures="0" skipped="0" tests="42" time="3.211" timestamp="2026-09-09T21:36:49.010856+00:00" hostname="agent-env-6629abe8-454d-49da-8076-2da6a90cd3d2"><testcase classname="tests.test_iteration3_regression" name="test_catalog_contains_expected_departments_and_dominos_logo" time="0.233" /><testcase classname="tests.backend_test.TestCoupons" name="test_list_coupons_returns_three" time="0.157" /><testcase classname="tests.backend_test.TestCoupons" name="test_apply_latur10_success" time="0.119" /><testcase classname="tests.test_iteration3_regression" name="test_products_filter_department_brand_q" time="0.126" /><testcase classname="tests.backend_test.TestCoupons" name="test_apply_latur10_below_min" time="0.074" /><testcase classname="tests.backend_test.TestCoupons" name="test_apply_bad_code" time="0.080" /><testcase classname="tests.test_iteration3_regression" name="test_events_filter_kind" time="0.125" /><testcase classname="tests.backend_test.TestCoupons" name="test_apply_fresh50" time="0.117" /><testcase classname="tests.test_iteration3_regression" name="test_media_get_and_byte_range_for_webm" time="0.624" /><testcase classname="tests.backend_test.TestCoupons" name="test_apply_welcome" time="0.080" /><testcase classname="tests.backend_test.TestCatalog" name="test_categories" time="0.074" /><testcase classname="tests.backend_test.TestCatalog" name="test_stores" time="0.077" /><testcase classname="tests.backend_test.TestCatalog" name="test_store_s1_media" time="0.077" /><testcase classname="tests.backend_test.TestCatalog" name="test_products" time="0.080" /><testcase classname="tests.backend_test.TestCatalog" name="test_buy_again" time="0.115" /><testcase classname="tests.test_onelatur_api.TestProducts" name="test_all_products" time="0.143" /><testcase classname="tests.test_iteration3_regression" name="test_media_invalid_range_returns_416" time="0.082" /><testcase classname="tests.test_iteration3_regression" name="test_reels_include_webm_and_product_shape" time="0.085" /><testcase classname="tests.test_onelatur_api.TestProducts" name="test_products_filter_by_category" time="0.122" /><testcase classname="tests.test_iteration3_regression" name="test_booking_enquiry_success_persists_to_mongo" time="0.134" /><testcase classname="tests.test_onelatur_api.TestProducts" name="test_buy_again" time="0.148" /><testcase classname="tests.test_iteration3_regression" name="test_booking_enquiry_unknown_event_returns_400" time="0.087" /><testcase classname="tests.test_onelatur_api.TestProducts" name="test_get_product_p1" time="0.095" /><testcase classname="tests.test_iteration3_regression" name="test_booking_enquiry_invalid_slot_returns_400" time="0.122" /><testcase classname="tests.test_onelatur_api.TestProducts" name="test_get_product_404" time="0.101" /><testcase classname="tests.test_iteration3_regression" name="test_booking_enquiry_past_date_returns_400" time="0.086" /><testcase classname="tests.backend_test.TestOrders" name="test_create_order" time="0.301" /><testcase classname="tests.test_iteration3_regression" name="test_booking_enquiry_invalid_phone_returns_422" time="0.096" /><testcase classname="tests.test_iteration3_regression" name="test_booking_enquiry_guest_limits" time="0.222" /><testcase classname="tests.backend_test.TestOrders" name="test_get_order_by_id" time="0.110" /><testcase classname="tests.test_iteration3_regression" name="test_coupon_threshold_response_for_fresh50" time="0.210" /><testcase classname="tests.backend_test.TestOrders" name="test_list_orders_contains_created" time="0.094" /><testcase classname="tests.backend_test.TestOrders" name="test_get_order_404" time="0.129" /><testcase classname="tests.test_iteration3_regression" name="test_create_order_and_verify_with_get" time="0.209" /><testcase classname="tests.test_onelatur_api.TestHealth" name="test_root" time="0.191" /><testcase classname="tests.test_onelatur_api.TestStores" name="test_list_stores" time="0.136" /><testcase classname="tests.test_onelatur_api.TestCategories" name="test_categories_ok" time="0.088" /><testcase classname="tests.test_onelatur_api.TestStores" name="test_get_store_s1" time="0.069" /><testcase classname="tests.test_onelatur_api.TestDiscover" name="test_discover_ok" time="0.083" /><testcase classname="tests.test_onelatur_api.TestStores" name="test_get_store_404" time="0.068" /><testcase classname="tests.test_onelatur_api.TestBanners" name="test_banners_ok" time="0.076" /><testcase classname="tests.test_onelatur_api.TestStores" name="test_store_products" time="0.073" /></testsuite></testsuites>