<?xml version="1.0" encoding="utf-8"?><testsuites name="pytest tests"><testsuite name="pytest" errors="0" failures="0" skipped="0" tests="20" time="1.825" timestamp="2026-09-14T05:02:47.419790+00:00" hostname="agent-env-1c840b3f-db43-46a8-8b41-aa765428ec2f"><testcase classname="tests.backend_test.TestCatalog" name="test_categories" time="0.241" /><testcase classname="tests.backend_test.TestCoupons" name="test_list_coupons_returns_three" time="0.262" /><testcase classname="tests.backend_test.TestCatalog" name="test_stores" time="0.070" /><testcase classname="tests.backend_test.TestCoupons" name="test_apply_latur10_success" time="0.108" /><testcase classname="tests.backend_test.TestCatalog" name="test_store_s1_media" time="0.111" /><testcase classname="tests.backend_test.TestCoupons" name="test_apply_latur10_below_min" time="0.065" /><testcase classname="tests.backend_test.TestCatalog" name="test_products" time="0.065" /><testcase classname="tests.backend_test.TestCoupons" name="test_apply_bad_code" time="0.107" /><testcase classname="tests.backend_test.TestCatalog" name="test_buy_again" time="0.107" /><testcase classname="tests.backend_test.TestCoupons" name="test_apply_fresh50" time="0.102" /><testcase classname="tests.backend_test.TestOrders" name="test_create_order" time="0.109" /><testcase classname="tests.backend_test.TestCoupons" name="test_apply_welcome" time="0.064" /><testcase classname="tests.backend_test.TestOrders" name="test_get_order_by_id" time="0.065" /><testcase classname="tests.test_iteration9_customer_support_payment.TestOrderPaymentPersistence" name="test_create_order_with_card_persists_payment_fields" time="0.239" /><testcase classname="tests.backend_test.TestOrders" name="test_list_orders_contains_created" time="0.065" /><testcase classname="tests.backend_test.TestOrders" name="test_get_order_404" time="0.068" /><testcase classname="tests.test_iteration9_customer_support_payment.TestSupportRequests" name="test_support_request_valid_returns_receipt" time="0.116" /><testcase classname="tests.test_iteration9_customer_support_payment.TestOrderPaymentPersistence" name="test_invalid_payment_method_rejected_with_422" time="0.068" /><testcase classname="tests.test_iteration9_customer_support_payment.TestOrderPaymentPersistence" name="test_order_create_without_payment_method_defaults_to_cod" time="0.070" /><testcase classname="tests.test_iteration9_customer_support_payment.TestSupportRequests" name="test_support_request_short_message_rejected" time="0.061" /></testsuite></testsuites>