<?xml version="1.0" encoding="utf-8"?><testsuites name="pytest tests"><testsuite name="pytest" errors="0" failures="0" skipped="0" tests="52" time="7.321" timestamp="2026-09-09T21:43:26.421067+00:00" hostname="agent-env-6629abe8-454d-49da-8076-2da6a90cd3d2"><testcase classname="tests.test_iteration3_regression" name="test_catalog_contains_expected_departments_and_dominos_logo" time="0.198" /><testcase classname="tests.test_iteration3_regression" name="test_products_filter_department_brand_q" time="0.123" /><testcase classname="tests.test_iteration4_ai_search" name="test_image_search_real_photo_returns_matches" time="2.023" /><testcase classname="tests.test_iteration3_regression" name="test_events_filter_kind" time="0.083" /><testcase classname="tests.test_iteration3_regression" name="test_media_get_and_byte_range_for_webm" time="0.239" /><testcase classname="tests.test_iteration3_regression" name="test_media_invalid_range_returns_416" time="0.081" /><testcase classname="tests.test_iteration3_regression" name="test_reels_include_webm_and_product_shape" time="0.085" /><testcase classname="tests.test_iteration3_regression" name="test_booking_enquiry_success_persists_to_mongo" time="0.088" /><testcase classname="tests.test_iteration3_regression" name="test_booking_enquiry_unknown_event_returns_400" time="0.086" /><testcase classname="tests.test_iteration3_regression" name="test_booking_enquiry_invalid_slot_returns_400" time="0.081" /><testcase classname="tests.test_iteration3_regression" name="test_booking_enquiry_past_date_returns_400" time="0.078" /><testcase classname="tests.test_iteration3_regression" name="test_booking_enquiry_invalid_phone_returns_422" time="0.085" /><testcase classname="tests.test_iteration3_regression" name="test_booking_enquiry_guest_limits" time="0.162" /><testcase classname="tests.test_iteration3_regression" name="test_coupon_threshold_response_for_fresh50" time="0.201" /><testcase classname="tests.test_iteration3_regression" name="test_create_order_and_verify_with_get" time="0.191" /><testcase classname="tests.backend_test.TestCoupons" name="test_list_coupons_returns_three" time="0.170" /><testcase classname="tests.backend_test.TestCoupons" name="test_apply_latur10_success" time="0.119" /><testcase classname="tests.test_iteration4_ai_search" name="test_image_search_empty_file_returns_400" time="0.130" /><testcase classname="tests.backend_test.TestCoupons" name="test_apply_latur10_below_min" time="0.070" /><testcase classname="tests.backend_test.TestCoupons" name="test_apply_bad_code" time="0.073" /><testcase classname="tests.test_iteration4_ai_search" name="test_image_search_invalid_file_returns_415" time="0.114" /><testcase classname="tests.backend_test.TestCoupons" name="test_apply_fresh50" time="0.122" /><testcase classname="tests.test_iteration4_ai_search" name="test_image_search_oversized_returns_413" time="0.558" /><testcase classname="tests.backend_test.TestCoupons" name="test_apply_welcome" time="0.074" /><testcase classname="tests.backend_test.TestCatalog" name="test_categories" time="0.087" /><testcase classname="tests.backend_test.TestCatalog" name="test_stores" time="0.080" /><testcase classname="tests.backend_test.TestCatalog" name="test_store_s1_media" time="0.081" /><testcase classname="tests.backend_test.TestCatalog" name="test_products" time="0.077" /><testcase classname="tests.backend_test.TestCatalog" name="test_buy_again" time="0.080" /><testcase classname="tests.test_iteration4_ai_search" name="test_image_search_valid_no_match_photo_returns_empty_or_low_confidence" time="1.239" /><testcase classname="tests.test_onelatur_api.TestProducts" name="test_all_products" time="0.172" /><testcase classname="tests.test_onelatur_api.TestProducts" name="test_products_filter_by_category" time="0.085" /><testcase classname="tests.test_onelatur_api.TestProducts" name="test_buy_again" time="0.089" /><testcase classname="tests.test_onelatur_api.TestProducts" name="test_get_product_p1" time="0.086" /><testcase classname="tests.test_onelatur_api.TestProducts" name="test_get_product_404" time="0.092" /><testcase classname="tests.backend_test.TestOrders" name="test_create_order" time="0.142" /><testcase classname="tests.backend_test.TestOrders" name="test_get_order_by_id" time="0.087" /><testcase classname="tests.backend_test.TestOrders" name="test_list_orders_contains_created" time="0.081" /><testcase classname="tests.backend_test.TestOrders" name="test_get_order_404" time="0.098" /><testcase classname="tests.test_onelatur_api.TestStores" name="test_list_stores" time="0.155" /><testcase classname="tests.test_onelatur_api.TestStores" name="test_get_store_s1" time="0.098" /><testcase classname="tests.test_onelatur_api.TestStores" name="test_get_store_404" time="0.096" /><testcase classname="tests.test_iteration4_ai_search" name="test_voice_search_real_spoken_audio_returns_transcript_and_matches" time="2.486" /><testcase classname="tests.test_onelatur_api.TestStores" name="test_store_products" time="0.093" /><testcase classname="tests.test_onelatur_api.TestHealth" name="test_root" time="0.102" /><testcase classname="tests.test_onelatur_api.TestCategories" name="test_categories_ok" time="0.085" /><testcase classname="tests.test_onelatur_api.TestDiscover" name="test_discover_ok" time="0.088" /><testcase classname="tests.test_onelatur_api.TestBanners" name="test_banners_ok" time="0.086" /><testcase classname="tests.test_iteration4_ai_search" name="test_voice_search_empty_file_returns_400" time="0.072" /><testcase classname="tests.test_iteration4_ai_search" name="test_voice_search_unsupported_extension_returns_415" time="0.077" /><testcase classname="tests.test_iteration4_ai_search" name="test_voice_search_corrupt_audio_returns_415" time="0.070" /><testcase classname="tests.test_iteration4_ai_search" name="test_voice_search_long_audio_returns_422" time="0.139" /></testsuite></testsuites>