<?xml version="1.0" encoding="utf-8"?><testsuites name="pytest tests"><testsuite name="pytest" errors="0" failures="0" skipped="0" tests="15" time="17.608" timestamp="2026-09-12T09:19:00.650623+00:00" hostname="agent-env-e89a2451-179f-4146-9cd4-d5abba39820c"><testcase classname="tests.test_iteration6_assistant_media" name="test_create_session" time="0.295" /><testcase classname="tests.test_iteration6_assistant_media" name="test_chat_streams_and_returns_product_ids_and_links" time="7.608" /><testcase classname="tests.test_iteration6_assistant_media" name="test_second_turn_and_get_session_without_mongo_id" time="7.608" /><testcase classname="tests.test_iteration6_assistant_media" name="test_chat_blank_message_validation" time="0.124" /><testcase classname="tests.test_iteration6_assistant_media" name="test_chat_unknown_session_returns_404" time="0.058" /><testcase classname="tests.test_iteration6_assistant_media" name="test_motion_media_v2_keys_resolve[icon-food-v2]" time="0.068" /><testcase classname="tests.test_iteration6_assistant_media" name="test_motion_media_v2_keys_resolve[icon-grocery-v2]" time="0.070" /><testcase classname="tests.test_iteration6_assistant_media" name="test_motion_media_v2_keys_resolve[icon-shops-v2]" time="0.064" /><testcase classname="tests.test_iteration6_assistant_media" name="test_motion_media_v2_keys_resolve[icon-care-v2]" time="0.064" /><testcase classname="tests.test_iteration6_assistant_media" name="test_motion_media_v2_keys_resolve[icon-book-it-v2]" time="0.059" /><testcase classname="tests.test_iteration6_assistant_media" name="test_motion_media_v2_keys_resolve[vendor-veggies-v2]" time="0.477" /><testcase classname="tests.test_iteration6_assistant_media" name="test_motion_media_v2_keys_resolve[vendor-dairy-v2]" time="0.192" /><testcase classname="tests.test_iteration6_assistant_media" name="test_motion_media_v2_keys_resolve[vendor-food-v2]" time="0.242" /><testcase classname="tests.test_iteration6_assistant_media" name="test_motion_media_v2_keys_resolve[vendor-care-v2]" time="0.178" /><testcase classname="tests.test_iteration6_assistant_media" name="test_motion_media_v2_keys_resolve[vendor-shops-v2]" time="0.190" /></testsuite></testsuites>