<?xml version="1.0" encoding="utf-8"?><testsuites name="pytest tests"><testsuite name="pytest" errors="0" failures="0" skipped="0" tests="13" time="0.993" timestamp="2026-09-09T21:46:12.891457+00:00" hostname="agent-env-6629abe8-454d-49da-8076-2da6a90cd3d2"><testcase classname="tests.test_onelatur_api.TestStores" name="test_list_stores" time="0.177" /><testcase classname="tests.test_onelatur_api.TestProducts" name="test_all_products" time="0.140" /><testcase classname="tests.test_onelatur_api.TestProducts" name="test_products_filter_by_category" time="0.075" /><testcase classname="tests.test_onelatur_api.TestStores" name="test_get_store_s1" time="0.096" /><testcase classname="tests.test_onelatur_api.TestProducts" name="test_buy_again" time="0.076" /><testcase classname="tests.test_onelatur_api.TestStores" name="test_get_store_404" time="0.092" /><testcase classname="tests.test_onelatur_api.TestProducts" name="test_get_product_p1" time="0.073" /><testcase classname="tests.test_onelatur_api.TestStores" name="test_store_products" time="0.093" /><testcase classname="tests.test_onelatur_api.TestProducts" name="test_get_product_404" time="0.084" /><testcase classname="tests.test_onelatur_api.TestCategories" name="test_categories_ok" time="0.076" /><testcase classname="tests.test_onelatur_api.TestHealth" name="test_root" time="0.090" /><testcase classname="tests.test_onelatur_api.TestDiscover" name="test_discover_ok" time="0.072" /><testcase classname="tests.test_onelatur_api.TestBanners" name="test_banners_ok" time="0.125" /></testsuite></testsuites>