<?xml version="1.0" encoding="utf-8"?><testsuites name="pytest tests"><testsuite name="pytest" errors="0" failures="0" skipped="0" tests="10" time="7.757" timestamp="2026-09-09T21:45:57.032677+00:00" hostname="agent-env-6629abe8-454d-49da-8076-2da6a90cd3d2"><testcase classname="tests.test_iteration4_ai_search" name="test_image_search_real_photo_returns_matches" time="2.150" /><testcase classname="tests.test_iteration4_ai_search" name="test_image_search_empty_file_returns_400" time="0.090" /><testcase classname="tests.test_iteration4_ai_search" name="test_image_search_invalid_file_returns_415" time="0.101" /><testcase classname="tests.test_iteration4_ai_search" name="test_image_search_oversized_returns_413" time="0.621" /><testcase classname="tests.test_iteration4_ai_search" name="test_image_search_valid_no_match_photo_returns_empty_or_low_confidence" time="1.099" /><testcase classname="tests.test_iteration4_ai_search" name="test_voice_search_real_spoken_audio_returns_transcript_and_matches" time="2.882" /><testcase classname="tests.test_iteration4_ai_search" name="test_voice_search_empty_file_returns_400" time="0.091" /><testcase classname="tests.test_iteration4_ai_search" name="test_voice_search_unsupported_extension_returns_415" time="0.082" /><testcase classname="tests.test_iteration4_ai_search" name="test_voice_search_corrupt_audio_returns_415" time="0.083" /><testcase classname="tests.test_iteration4_ai_search" name="test_voice_search_long_audio_returns_422" time="0.218" /></testsuite></testsuites>