<?xml version="1.0" encoding="utf-8"?><testsuites name="pytest tests"><testsuite name="pytest" errors="0" failures="0" skipped="0" tests="14" time="2.552" timestamp="2026-09-09T09:09:47.165652+00:00" hostname="agent-env-6629abe8-454d-49da-8076-2da6a90cd3d2"><testcase classname="tests.test_iteration3_regression" name="test_catalog_contains_expected_departments_and_dominos_logo" time="0.267" /><testcase classname="tests.test_iteration3_regression" name="test_products_filter_department_brand_q" time="0.084" /><testcase classname="tests.test_iteration3_regression" name="test_events_filter_kind" time="0.077" /><testcase classname="tests.test_iteration3_regression" name="test_media_get_and_byte_range_for_webm" time="0.512" /><testcase classname="tests.test_iteration3_regression" name="test_media_invalid_range_returns_416" time="0.082" /><testcase classname="tests.test_iteration3_regression" name="test_reels_include_webm_and_product_shape" time="0.119" /><testcase classname="tests.test_iteration3_regression" name="test_booking_enquiry_success_persists_to_mongo" time="0.093" /><testcase classname="tests.test_iteration3_regression" name="test_booking_enquiry_unknown_event_returns_400" time="0.083" /><testcase classname="tests.test_iteration3_regression" name="test_booking_enquiry_invalid_slot_returns_400" time="0.079" /><testcase classname="tests.test_iteration3_regression" name="test_booking_enquiry_past_date_returns_400" time="0.076" /><testcase classname="tests.test_iteration3_regression" name="test_booking_enquiry_invalid_phone_returns_422" time="0.082" /><testcase classname="tests.test_iteration3_regression" name="test_booking_enquiry_guest_limits" time="0.154" /><testcase classname="tests.test_iteration3_regression" name="test_coupon_threshold_response_for_fresh50" time="0.152" /><testcase classname="tests.test_iteration3_regression" name="test_create_order_and_verify_with_get" time="0.169" /></testsuite></testsuites>